<?xml version="1.0" encoding="UTF-8"?>
<!-- Generated by org.testng.reporters.JUnitXMLReporter -->
<testsuite hostname="KIRURAJA-2PQNS" ignored="1" name="Test" tests="4" failures="0" timestamp="23 Mar 2021 10:13:58 GMT" time="23.454" errors="0">
  <testcase name="navigateToFlipkart" time="7.35" classname="TestCasesScripts.NavigateToFlipkart"/>
  <testcase name="skipLogin" time="0.445" classname="TestCasesScripts.SkipLogin"/>
  <testcase name="hasDealsOfTheDay" time="8.354" classname="TestCasesScripts.HasDealsOfTheDay"/>
  <testcase name="dealOfTheDayViewall" time="7.253" classname="TestCasesScripts.DealOfTheDayViewall"/>
  <testcase name="trendingOffersheading" time="0.0" classname="TestCasesScripts.TrendingOffers">
    <ignored/>
  </testcase> <!-- trendingOffersheading -->
</testsuite> <!-- Test -->
